Arguments: 
  C:\Program Files\nodejs\node.exe C:\Program Files (x86)\Yarn\bin\yarn.js install

PATH: 
  C:\Program Files\Common Files\Oracle\Java\javapath;C:\Program Files\Alacritty\;C:\Program Files (x86)\Common Files\Intel\Shared Libraries\redist\intel64_win\compiler;C:\Program Files (x86)\Common Files\Oracle\Java\javapath;C:\ProgramData\Oracle\Java\javapath;C:\Windows\system32;C:\Windows;C:\Windows\System32\Wbem;C:\Windows\System32\WindowsPowerShell\v1.0\;C:\Program Files (x86)\NVIDIA Corporation\PhysX\Common;C:\WINDOWS\system32;C:\WINDOWS;C:\WINDOWS\System32\Wbem;C:\WINDOWS\System32\WindowsPowerShell\v1.0\;C:\Program Files\Git\cmd;C:\dev\programs\nvm;C:\dev\programs\nodejs;C:\Program Files\PuTTY\;C:\WINDOWS\System32\OpenSSH\;C:\Program Files\Microsoft VS Code\bin;C:\Users\Thibaut\AppData\Local\Microsoft\WindowsApps;C:\Users\Thibaut\Desktop\RACOURCIS;C:\dev\programs\gradle-4.7\bin;C:\dev\programs\Python36-32;C:\Program Files\MySQL\MySQL Server 5.7\bin;C:\Program Files\Java\jdk1.8.0_171\bin;C:\dev\programs\ImageMagick-7.0.7-28-portable-Q16-x64;C:\Users\Thibaut\AppDat;C:\Program Files\nodejs;C:\Program Files (x86)\Gpg4win\..\GnuPG\bin;C:\dev\programs\apache-maven-3.5.3\bin;C:\Program Files (x86)\Google\Cloud SDK\google-cloud-sdk\bin;C:\WINDOWS\system32;C:\WINDOWS;C:\WINDOWS\System32\Wbem;C:\WINDOWS\System32\WindowsPowerShell\v1.0\;C:\WINDOWS\System32\OpenSSH\;C:\Program Files (x86)\Yarn\bin\;C:\HashiCorp\Vagrant\bin;C:\Program Files (x86)\Sennheiser\SenncomSDK\;C:\Users\Thibaut\AppData\Local\Microsoft\WindowsApps;C:\Users\Thibaut\Desktop\RACOURCIS;C:\Program Files\Microsoft VS Code\bin;C:\dev\programs\apache-maven-3.5.3\bin;C:\dev\programs\gradle-4.7\bin;C:\dev\programs\Python36-32;C:\Program Files\MySQL\MySQL Server 5.7\bin;C:\Program Files\Java\jdk1.8.0_171\bin;C:\dev\programs\ImageMagick-7.0.7-28-portable-Q16-x64;C:\dev\programs\nvm;C:\dev\programs\nvm;C:\Program Files\nodejs;C:\dev\openssl;C:\Users\Thibaut\AppData\Local\Yarn\bin;C:\Programs-not-installed\rclone;

Yarn version: 
  1.22.5

Node version: 
  12.21.0

Platform: 
  win32 x64

Trace: 
  SyntaxError: D:\mgm\zooplus\dev\zoop-modulefed-poc\zoop-f-mf-app1\package.json: Unexpected token } in JSON at position 368
      at JSON.parse (<anonymous>)
      at C:\Program Files (x86)\Yarn\lib\cli.js:1625:59
      at Generator.next (<anonymous>)
      at step (C:\Program Files (x86)\Yarn\lib\cli.js:310:30)
      at C:\Program Files (x86)\Yarn\lib\cli.js:321:13

npm manifest: 
  {
    "name": "dbshop-mf-product",
    "version": "1.0.0-SNAPSHOT",
    "private": true,
    "dependencies": {
      "@com.zooplus/zoop-f-config": "file:../zoop-f-config",
      "@reduxjs/toolkit": "^1.2.5",
      "axios": "^0.21.0",
      "bootstrap": "^4.6.0",
      "react": "^17.0.1",
      "react-bootstrap": "^1.5.0",
      "react-dom": "^17.0.1",
      "react-router-dom": "^5.2.0",
    },
    "devDependencies": {
      "@testing-library/jest-dom": "^5.11.9",
      "@testing-library/react": "^11.2.5",
      "@testing-library/user-event": "^12.7.2",
      "@types/jest": "^26.0.20",
      "@types/node": "^14.14.31",
      "@types/react": "^17.0.2",
      "@types/react-dom": "^17.0.1",
      "@types/react-router-dom": "^5.1.6",
      "compression": "^1.7.4",
      "dotenv": "^8.2.0",
      "express": "^4.17.1",
      "identity-obj-proxy": "^3.0.0"
    },
    "scripts": {
      "start": "shop-script start",
      "build": "shop-script build",
      "bundle-analysis": "shop-script bundle-analysis",
      "static-analysis": "shop-script static-analysis",
      "static-analysis:fix": "shop-script static-analysis:fix",
      "jest": "shop-script jest",
      "jest:once": "shop-script jest:once",
      "cypress:open": "shop-script cypress:open",
      "cypress:run": "shop-script cypress:run",
      "cypress:install": "shop-script cypress:install"
    },
    "eslintConfig": {
      "extends": [
        "./node_modules/@com.zooplus/zoop-f-config/config/eslintrc"
      ]
    },
    "eslintIgnore": [
      "config",
      "/dist",
      "/node_modules",
      "/server",
      ".*.js",
      "*.js"
    ],
    "babel": {
      "presets": [
        "./node_modules/@com.zooplus/zoop-f-config/config/babelrc"
      ]
    },
    "husky": {
      "hooks": {
        "pre-commit": "shop-script pre-commit"
      }
    },
    "prettier": "./node_modules/@com.zooplus/zoop-f-config/config/prettierrc",
    "browserslist": [
      "extends @com.zooplus/zoop-f-config/config/browserslistrc"
    ]
  }

yarn manifest: 
  No manifest

Lockfile: 
  No lockfile
